2021-12-08@12:56:43 - DEBUG - >>>>>>>>>>>>>>> starting log_clean 
2021-12-08@12:56:43 - DEBUG - >>>>>>>>>>>>>>>>>>>>>>>>>>>>>>>>>>>>>>>>>>>>> starting __SETTINGS__ 
2021-12-08@12:56:43 - DEBUG - >>>>>>>>>>>>>>> starting json_load 
2021-12-08@12:56:43 - DEBUG - >>>>>>>>>>>>>>>>>>>>>>>>>>>>>>>>>>>>>>>>>>>>> starting main 
2021-12-08@12:56:43 - DEBUG - >>>>>>>>>>>>>>>>>>>>>>>>>>>>>>>>>>>>>>>>>>>>> starting test 
2021-12-08@12:56:43 - DEBUG - >>>>>>>>>>>>>>> starting bs_read 
2021-12-08@12:56:43 - DEBUG - >>>>>>>>>>>>>>> starting bs_save 
2021-12-08@12:56:43 - DEBUG - >>>>>>>>>>>>>>> starting bs_read 
2021-12-08@12:56:43 - DEBUG - >>>>>>>>>>>>>>> starting bs_save 
2021-12-08@12:56:43 - DEBUG - >>>>>>>>>>>>>>> starting json_dump 
2021-12-08@12:56:43 - DEBUG - >>>>>>>>>>>>>>> starting cos_get 
2021-12-08@12:56:43 - DEBUG - >>>>>>>>>>>>>>> starting cos_lst 
2021-12-08@12:56:43 - DEBUG - >>>>>>>>>>>>>>> starting promotion 
2021-12-08@12:56:43 - DEBUG - >>>>>>>>>>>>>>> starting promotion 
2021-12-08@12:56:43 - DEBUG - >>>>>>>>>>>>>>> starting promotion 
2021-12-08@12:56:43 - DEBUG - >>>>>>>>>>>>>>> starting promotion 
2021-12-08@12:56:43 - DEBUG - >>>>>>>>>>>>>>> starting promotion 
2021-12-08@12:56:43 - DEBUG - >>>>>>>>>>>>>>> starting promotion 
2021-12-08@12:56:43 - DEBUG - >>>>>>>>>>>>>>> starting promotion 
2021-12-08@12:56:43 - DEBUG - >>>>>>>>>>>>>>> starting promotion 
2021-12-08@12:56:43 - DEBUG - >>>>>>>>>>>>>>> starting promotion 
2021-12-08@12:56:43 - DEBUG - >>>>>>>>>>>>>>> starting promotion 
2021-12-08@12:56:43 - DEBUG - >>>>>>>>>>>>>>> starting promotion 
2021-12-08@12:56:43 - DEBUG - >>>>>>>>>>>>>>> starting promotion 
2021-12-08@12:56:43 - DEBUG - >>>>>>>>>>>>>>> starting promotion 
2021-12-08@12:56:43 - DEBUG - >>>>>>>>>>>>>>> starting promotion 
2021-12-08@12:56:43 - DEBUG - >>>>>>>>>>>>>>> starting promotion 
2021-12-08@12:56:43 - DEBUG - >>>>>>>>>>>>>>> starting promotion 
2021-12-08@12:56:43 - DEBUG - >>>>>>>>>>>>>>> starting co_dct 
2021-12-08@12:56:43 - DEBUG - >>>>>>>>>>>>>>> starting employer 
2021-12-08@12:56:43 - DEBUG - >>>>>>>>>>>>>>> starting str_clean 
2021-12-08@12:56:43 - DEBUG - >>>>>>>>>>>>>>> starting description 
2021-12-08@12:56:43 - DEBUG - >>>>>>>>>>>>>>> starting str_clean 
2021-12-08@12:56:43 - DEBUG - >>>>>>>>>>>>>>> starting employees 
2021-12-08@12:56:43 - DEBUG - >>>>>>>>>>>>>>> starting str_clean 
2021-12-08@12:56:43 - DEBUG - >>>>>>>>>>>>>>> starting co_get 
2021-12-08@12:56:43 - DEBUG - >>>>>>>>>>>>>>> starting jobs_get 
2021-12-08@12:56:43 - DEBUG - >>>>>>>>>>>>>>> starting jobs_get_class 
2021-12-08@12:56:43 - DEBUG - >>>>>>>>>>>>>>> starting bs_children 
2021-12-08@12:56:43 - DEBUG - >>>>>>>>>>>>>>> starting job_get_spans 
2021-12-08@12:56:43 - DEBUG - >>>>>>>>>>>>>>> starting job_dct 
2021-12-08@12:56:43 - DEBUG - >>>>>>>>>>>>>>> starting role 
2021-12-08@12:56:43 - DEBUG - >>>>>>>>>>>>>>> starting str_clean 
2021-12-08@12:56:43 - DEBUG - >>>>>>>>>>>>>>> starting payment 
2021-12-08@12:56:43 - DEBUG - >>>>>>>>>>>>>>> starting str_clean 
2021-12-08@12:56:43 - DEBUG - >>>>>>>>>>>>>>> starting str_clean 
2021-12-08@12:56:43 - DEBUG - >>>>>>>>>>>>>>> starting identify 
2021-12-08@12:56:43 - DEBUG - >>>>>>>>>>>>>>> starting apply_dct 
2021-12-08@12:56:43 - DEBUG - >>>>>>>>>>>>>>> starting contact 
2021-12-08@12:56:43 - DEBUG - >>>>>>>>>>>>>>> starting str_clean 
2021-12-08@12:56:43 - DEBUG - >>>>>>>>>>>>>>> starting message 
2021-12-08@12:56:43 - DEBUG - >>>>>>>>>>>>>>> starting greeting 
2021-12-08@12:56:43 - DEBUG - >>>>>>>>>>>>>>> starting warmer 
2021-12-08@12:56:43 - DEBUG - >>>>>>>>>>>>>>> starting intro 
2021-12-08@12:56:43 - DEBUG - >>>>>>>>>>>>>>> starting body 
2021-12-08@12:56:43 - WARNING - TODO: add more bodies
2021-12-08@12:56:43 - DEBUG - >>>>>>>>>>>>>>> starting closer 
2021-12-08@12:56:43 - WARNING - TODO: add more closers
2021-12-08@12:56:43 - DEBUG - >>>>>>>>>>>>>>> starting footer 
2021-12-08@12:56:43 - DEBUG - >>>>>>>>>>>>>>>>>>>>>>>>>>>>>>>>>>>>>>>>>>>>> starting update 
2021-12-08@12:56:43 - DEBUG - >>>>>>>>>>>>>>> starting update_applied 
2021-12-08@12:56:43 - DEBUG - updated application data: {'employer': 'Iron Plans (YC S20)', 'description': 'Subscriptions, usage-based billing, & teams for SaaS apps', 'employees': '1-10', 'role': 'Founding Full Stack Engineer', 'salary': '$105k – $150k', 'equity': '0.5% – 2.0%', 'time': '2021-12-08 12:56:43.789931', 'id': 'Iron Plans (YC S20)---Founding Full Stack Engineer', 'contact': 'David', 'message': "Hello David, I hope you're having a great day. \n\nMy name is Julian Wagle. I'm a Sr. Software Engineer with 6 years of experience. I'm reaching out in response to the opening you posted for 'Founding Full Stack Engineer' - It looks like I'd be a great fit! Plus, it seems like you guys have a pretty cool mission and I'd love to be a part of it.\n\nIf interested in learning more or reaching out, I've attatched a few helpful links and my contact information below. \n\nThank you for your time,\n\n- Julian Wagle\n\nEmail address - julian.wagle.leal@gmail.com\nPhone number - +1(707)346-1659\n\nPortfolio - https://julianwagle.com\nGitHub - https://github.com/julianwagle\nLinkedIn - https://www.linkedin.com/in/julian-wagle/"}
2021-12-08@12:56:43 - DEBUG - >>>>>>>>>>>>>>> starting update_datafile 
2021-12-08@12:56:43 - DEBUG - >>>>>>>>>>>>>>> starting json_dump 
2021-12-08@12:56:43 - DEBUG - updated /Users/home/@DEV/angel/data/applied-test.json
2021-12-08@12:56:43 - DEBUG - >>>>>>>>>>>>>>> starting update_numer 
2021-12-08@12:56:43 - WARNING - updated numer: 1/19
2021-12-08@12:56:43 - DEBUG - >>>>>>>>>>>>>>> starting co_dct 
2021-12-08@12:56:43 - DEBUG - >>>>>>>>>>>>>>> starting employer 
2021-12-08@12:56:43 - DEBUG - >>>>>>>>>>>>>>> starting str_clean 
2021-12-08@12:56:43 - DEBUG - >>>>>>>>>>>>>>> starting description 
2021-12-08@12:56:43 - DEBUG - >>>>>>>>>>>>>>> starting str_clean 
2021-12-08@12:56:43 - DEBUG - >>>>>>>>>>>>>>> starting employees 
2021-12-08@12:56:43 - DEBUG - >>>>>>>>>>>>>>> starting str_clean 
2021-12-08@12:56:43 - DEBUG - >>>>>>>>>>>>>>> starting co_get 
2021-12-08@12:56:43 - DEBUG - >>>>>>>>>>>>>>> starting jobs_get 
2021-12-08@12:56:43 - DEBUG - >>>>>>>>>>>>>>> starting jobs_get_class 
2021-12-08@12:56:43 - DEBUG - >>>>>>>>>>>>>>> starting bs_children 
2021-12-08@12:56:43 - DEBUG - >>>>>>>>>>>>>>> starting job_get_spans 
2021-12-08@12:56:43 - DEBUG - >>>>>>>>>>>>>>> starting job_dct 
2021-12-08@12:56:43 - DEBUG - >>>>>>>>>>>>>>> starting role 
2021-12-08@12:56:43 - DEBUG - >>>>>>>>>>>>>>> starting str_clean 
2021-12-08@12:56:43 - DEBUG - >>>>>>>>>>>>>>> starting payment 
2021-12-08@12:56:43 - DEBUG - >>>>>>>>>>>>>>> starting str_clean 
2021-12-08@12:56:43 - DEBUG - >>>>>>>>>>>>>>> starting str_clean 
2021-12-08@12:56:43 - DEBUG - >>>>>>>>>>>>>>> starting identify 
2021-12-08@12:56:43 - DEBUG - >>>>>>>>>>>>>>> starting apply_dct 
2021-12-08@12:56:43 - DEBUG - >>>>>>>>>>>>>>> starting contact 
2021-12-08@12:56:43 - DEBUG - >>>>>>>>>>>>>>> starting str_clean 
2021-12-08@12:56:43 - DEBUG - >>>>>>>>>>>>>>> starting message 
2021-12-08@12:56:43 - DEBUG - >>>>>>>>>>>>>>> starting greeting 
2021-12-08@12:56:43 - DEBUG - >>>>>>>>>>>>>>> starting warmer 
2021-12-08@12:56:43 - DEBUG - >>>>>>>>>>>>>>> starting intro 
2021-12-08@12:56:43 - DEBUG - >>>>>>>>>>>>>>> starting body 
2021-12-08@12:56:43 - WARNING - TODO: add more bodies
2021-12-08@12:56:43 - DEBUG - >>>>>>>>>>>>>>> starting closer 
2021-12-08@12:56:43 - WARNING - TODO: add more closers
2021-12-08@12:56:43 - DEBUG - >>>>>>>>>>>>>>> starting footer 
2021-12-08@12:56:43 - DEBUG - >>>>>>>>>>>>>>>>>>>>>>>>>>>>>>>>>>>>>>>>>>>>> starting update 
2021-12-08@12:56:43 - DEBUG - >>>>>>>>>>>>>>> starting update_applied 
2021-12-08@12:56:43 - DEBUG - updated application data: {'employer': 'Flow Club', 'description': 'Virtual WeWork for Deep Work', 'employees': '1-10', 'role': 'Contract Front End Engineer', 'salary': '$120k – $200k', 'equity': '0.0% – 2.0%', 'time': '2021-12-08 12:56:43.818135', 'id': 'Flow Club---Contract Front End Engineer', 'contact': 'David', 'message': "Hello David, \n\nMy name is Julian Wagle. I saw you had an openning for 'Contract Front End Engineer'. I'd love to learn more about what the role entails and see if I'd be a good fit to help you guys out.\n\nIf interested in learning more or reaching out, I've attatched a few helpful links and my contact information below. \n\nThank you for your time,\n\n- Julian Wagle\n\nEmail address - julian.wagle.leal@gmail.com\nPhone number - +1(707)346-1659\n\nPortfolio - https://julianwagle.com\nGitHub - https://github.com/julianwagle\nLinkedIn - https://www.linkedin.com/in/julian-wagle/"}
2021-12-08@12:56:43 - DEBUG - >>>>>>>>>>>>>>> starting update_datafile 
2021-12-08@12:56:43 - DEBUG - >>>>>>>>>>>>>>> starting json_dump 
2021-12-08@12:56:43 - DEBUG - updated /Users/home/@DEV/angel/data/applied-test.json
2021-12-08@12:56:43 - DEBUG - >>>>>>>>>>>>>>> starting update_numer 
2021-12-08@12:56:43 - WARNING - updated numer: 2/19
2021-12-08@12:56:43 - DEBUG - >>>>>>>>>>>>>>> starting job_get_spans 
2021-12-08@12:56:43 - DEBUG - >>>>>>>>>>>>>>> starting job_dct 
2021-12-08@12:56:43 - DEBUG - >>>>>>>>>>>>>>> starting role 
2021-12-08@12:56:43 - DEBUG - >>>>>>>>>>>>>>> starting str_clean 
2021-12-08@12:56:43 - DEBUG - >>>>>>>>>>>>>>> starting payment 
2021-12-08@12:56:43 - DEBUG - >>>>>>>>>>>>>>> starting str_clean 
2021-12-08@12:56:43 - DEBUG - >>>>>>>>>>>>>>> starting str_clean 
2021-12-08@12:56:43 - DEBUG - >>>>>>>>>>>>>>> starting identify 
2021-12-08@12:56:43 - DEBUG - >>>>>>>>>>>>>>> starting apply_dct 
2021-12-08@12:56:43 - DEBUG - >>>>>>>>>>>>>>> starting contact 
2021-12-08@12:56:43 - DEBUG - >>>>>>>>>>>>>>> starting str_clean 
2021-12-08@12:56:43 - DEBUG - >>>>>>>>>>>>>>> starting message 
2021-12-08@12:56:43 - DEBUG - >>>>>>>>>>>>>>> starting greeting 
2021-12-08@12:56:43 - DEBUG - >>>>>>>>>>>>>>> starting warmer 
2021-12-08@12:56:43 - DEBUG - >>>>>>>>>>>>>>> starting intro 
2021-12-08@12:56:43 - DEBUG - >>>>>>>>>>>>>>> starting body 
2021-12-08@12:56:43 - WARNING - TODO: add more bodies
2021-12-08@12:56:43 - DEBUG - >>>>>>>>>>>>>>> starting closer 
2021-12-08@12:56:43 - WARNING - TODO: add more closers
2021-12-08@12:56:43 - DEBUG - >>>>>>>>>>>>>>> starting footer 
2021-12-08@12:56:43 - DEBUG - >>>>>>>>>>>>>>>>>>>>>>>>>>>>>>>>>>>>>>>>>>>>> starting update 
2021-12-08@12:56:43 - DEBUG - >>>>>>>>>>>>>>> starting update_applied 
2021-12-08@12:56:43 - DEBUG - updated application data: {'employer': 'Flow Club', 'description': 'Virtual WeWork for Deep Work', 'employees': '1-10', 'role': 'Contract Full Stack Engineer', 'salary': '$120k – $200k', 'equity': '0.0% – 2.0%', 'time': '2021-12-08 12:56:43.832916', 'id': 'Flow Club---Contract Full Stack Engineer', 'contact': 'David', 'message': "Hello David, I hope you're having an excellent week. \n\nMy name is Julian Wagle. I'm a Sr. Software Engineer with 6 years of experience. I saw you had an openning for 'Contract Full Stack Engineer'. I'd love to learn more about what the role entails and see if I'd be a good fit to help you guys out.\n\nIf interested in learning more or reaching out, I've attatched a few helpful links and my contact information below. \n\nThank you for your time,\n\n- Julian Wagle\n\nEmail address - julian.wagle.leal@gmail.com\nPhone number - +1(707)346-1659\n\nPortfolio - https://julianwagle.com\nGitHub - https://github.com/julianwagle\nLinkedIn - https://www.linkedin.com/in/julian-wagle/"}
2021-12-08@12:56:43 - DEBUG - >>>>>>>>>>>>>>> starting update_datafile 
2021-12-08@12:56:43 - DEBUG - >>>>>>>>>>>>>>> starting json_dump 
2021-12-08@12:56:43 - DEBUG - updated /Users/home/@DEV/angel/data/applied-test.json
2021-12-08@12:56:43 - DEBUG - >>>>>>>>>>>>>>> starting update_numer 
2021-12-08@12:56:43 - WARNING - updated numer: 3/19
2021-12-08@12:56:43 - DEBUG - >>>>>>>>>>>>>>> starting job_get_spans 
2021-12-08@12:56:43 - DEBUG - >>>>>>>>>>>>>>> starting job_dct 
2021-12-08@12:56:43 - DEBUG - >>>>>>>>>>>>>>> starting role 
2021-12-08@12:56:43 - DEBUG - >>>>>>>>>>>>>>> starting str_clean 
2021-12-08@12:56:43 - DEBUG - >>>>>>>>>>>>>>> starting payment 
2021-12-08@12:56:43 - DEBUG - >>>>>>>>>>>>>>> starting str_clean 
2021-12-08@12:56:43 - DEBUG - >>>>>>>>>>>>>>> starting str_clean 
2021-12-08@12:56:43 - DEBUG - >>>>>>>>>>>>>>> starting identify 
2021-12-08@12:56:43 - DEBUG - >>>>>>>>>>>>>>> starting apply_dct 
2021-12-08@12:56:43 - DEBUG - >>>>>>>>>>>>>>> starting contact 
2021-12-08@12:56:43 - DEBUG - >>>>>>>>>>>>>>> starting str_clean 
2021-12-08@12:56:43 - DEBUG - >>>>>>>>>>>>>>> starting message 
2021-12-08@12:56:43 - DEBUG - >>>>>>>>>>>>>>> starting greeting 
2021-12-08@12:56:43 - DEBUG - >>>>>>>>>>>>>>> starting warmer 
2021-12-08@12:56:43 - DEBUG - >>>>>>>>>>>>>>> starting intro 
2021-12-08@12:56:43 - DEBUG - >>>>>>>>>>>>>>> starting body 
2021-12-08@12:56:43 - WARNING - TODO: add more bodies
2021-12-08@12:56:43 - DEBUG - >>>>>>>>>>>>>>> starting closer 
2021-12-08@12:56:43 - WARNING - TODO: add more closers
2021-12-08@12:56:43 - DEBUG - >>>>>>>>>>>>>>> starting footer 
2021-12-08@12:56:43 - DEBUG - >>>>>>>>>>>>>>>>>>>>>>>>>>>>>>>>>>>>>>>>>>>>> starting update 
2021-12-08@12:56:43 - DEBUG - >>>>>>>>>>>>>>> starting update_applied 
2021-12-08@12:56:43 - DEBUG - updated application data: {'employer': 'Flow Club', 'description': 'Virtual WeWork for Deep Work', 'employees': '1-10', 'role': 'Founding Front End Engineer', 'salary': '$120k – $200k', 'equity': '0.25% – 2.0%', 'time': '2021-12-08 12:56:43.847278', 'id': 'Flow Club---Founding Front End Engineer', 'contact': 'David', 'message': "Hello David, I hope this message finds you well. \n\nMy name is Julian Wagle. I saw you had an openning for 'Founding Front End Engineer'. I'd love to learn more about what the role entails and see if I'd be a good fit to help you guys out.\n\nIf interested in learning more or reaching out, I've attatched a few helpful links and my contact information below. \n\nThank you for your time,\n\n- Julian Wagle\n\nEmail address - julian.wagle.leal@gmail.com\nPhone number - +1(707)346-1659\n\nPortfolio - https://julianwagle.com\nGitHub - https://github.com/julianwagle\nLinkedIn - https://www.linkedin.com/in/julian-wagle/"}
2021-12-08@12:56:43 - DEBUG - >>>>>>>>>>>>>>> starting update_datafile 
2021-12-08@12:56:43 - DEBUG - >>>>>>>>>>>>>>> starting json_dump 
2021-12-08@12:56:43 - DEBUG - updated /Users/home/@DEV/angel/data/applied-test.json
2021-12-08@12:56:43 - DEBUG - >>>>>>>>>>>>>>> starting update_numer 
2021-12-08@12:56:43 - WARNING - updated numer: 4/19
2021-12-08@12:56:43 - DEBUG - >>>>>>>>>>>>>>> starting co_dct 
2021-12-08@12:56:43 - DEBUG - >>>>>>>>>>>>>>> starting employer 
2021-12-08@12:56:43 - DEBUG - >>>>>>>>>>>>>>> starting str_clean 
2021-12-08@12:56:43 - DEBUG - >>>>>>>>>>>>>>> starting description 
2021-12-08@12:56:43 - DEBUG - >>>>>>>>>>>>>>> starting str_clean 
2021-12-08@12:56:43 - DEBUG - >>>>>>>>>>>>>>> starting employees 
2021-12-08@12:56:43 - DEBUG - >>>>>>>>>>>>>>> starting str_clean 
2021-12-08@12:56:43 - DEBUG - >>>>>>>>>>>>>>> starting co_get 
2021-12-08@12:56:43 - DEBUG - >>>>>>>>>>>>>>> starting jobs_get 
2021-12-08@12:56:43 - DEBUG - >>>>>>>>>>>>>>> starting jobs_get_class 
2021-12-08@12:56:43 - DEBUG - >>>>>>>>>>>>>>> starting bs_children 
2021-12-08@12:56:43 - DEBUG - >>>>>>>>>>>>>>> starting job_get_spans 
2021-12-08@12:56:43 - DEBUG - >>>>>>>>>>>>>>> starting job_dct 
2021-12-08@12:56:43 - DEBUG - >>>>>>>>>>>>>>> starting role 
2021-12-08@12:56:43 - DEBUG - >>>>>>>>>>>>>>> starting str_clean 
2021-12-08@12:56:43 - DEBUG - >>>>>>>>>>>>>>> starting payment 
2021-12-08@12:56:43 - DEBUG - >>>>>>>>>>>>>>> starting str_clean 
2021-12-08@12:56:43 - DEBUG - >>>>>>>>>>>>>>> starting str_clean 
2021-12-08@12:56:43 - DEBUG - >>>>>>>>>>>>>>> starting identify 
2021-12-08@12:56:43 - DEBUG - >>>>>>>>>>>>>>> starting apply_dct 
2021-12-08@12:56:43 - DEBUG - >>>>>>>>>>>>>>> starting contact 
2021-12-08@12:56:43 - DEBUG - >>>>>>>>>>>>>>> starting str_clean 
2021-12-08@12:56:43 - DEBUG - >>>>>>>>>>>>>>> starting message 
2021-12-08@12:56:43 - DEBUG - >>>>>>>>>>>>>>> starting greeting 
2021-12-08@12:56:43 - DEBUG - >>>>>>>>>>>>>>> starting warmer 
2021-12-08@12:56:43 - DEBUG - >>>>>>>>>>>>>>> starting intro 
2021-12-08@12:56:43 - DEBUG - >>>>>>>>>>>>>>> starting body 
2021-12-08@12:56:43 - WARNING - TODO: add more bodies
2021-12-08@12:56:43 - DEBUG - >>>>>>>>>>>>>>> starting closer 
2021-12-08@12:56:43 - WARNING - TODO: add more closers
2021-12-08@12:56:43 - DEBUG - >>>>>>>>>>>>>>> starting footer 
2021-12-08@12:56:43 - DEBUG - >>>>>>>>>>>>>>>>>>>>>>>>>>>>>>>>>>>>>>>>>>>>> starting update 
2021-12-08@12:56:43 - DEBUG - >>>>>>>>>>>>>>> starting update_applied 
2021-12-08@12:56:43 - DEBUG - updated application data: {'employer': 'Personabo', 'description': 'VR simulations for soft skills, powered by AI', 'employees': '1-10', 'role': 'Lead Full-Stack Engineer', 'salary': '$130k – $150k', 'equity': '1.0% – 2.0%', 'time': '2021-12-08 12:56:43.869904', 'id': 'Personabo---Lead Full-Stack Engineer', 'contact': 'David', 'message': "Hey David, I hope this message finds you well. \n\nMy name is Julian Wagle. I'm a Sr. Software Engineer based out of Wichita, KS with 6 years of experience. I saw you had an openning for 'Lead Full-Stack Engineer'. I'd love to learn more about what the role entails and see if I'd be a good fit to help you guys out.\n\nIf interested in learning more or reaching out, I've attatched a few helpful links and my contact information below. \n\nThank you for your time,\n\n- Julian Wagle\n\nEmail address - julian.wagle.leal@gmail.com\nPhone number - +1(707)346-1659\n\nPortfolio - https://julianwagle.com\nGitHub - https://github.com/julianwagle\nLinkedIn - https://www.linkedin.com/in/julian-wagle/"}
2021-12-08@12:56:43 - DEBUG - >>>>>>>>>>>>>>> starting update_datafile 
2021-12-08@12:56:43 - DEBUG - >>>>>>>>>>>>>>> starting json_dump 
2021-12-08@12:56:43 - DEBUG - updated /Users/home/@DEV/angel/data/applied-test.json
2021-12-08@12:56:43 - DEBUG - >>>>>>>>>>>>>>> starting update_numer 
2021-12-08@12:56:43 - WARNING - updated numer: 5/19
2021-12-08@12:56:43 - DEBUG - >>>>>>>>>>>>>>> starting co_dct 
2021-12-08@12:56:43 - DEBUG - >>>>>>>>>>>>>>> starting employer 
2021-12-08@12:56:43 - DEBUG - >>>>>>>>>>>>>>> starting str_clean 
2021-12-08@12:56:43 - DEBUG - >>>>>>>>>>>>>>> starting description 
2021-12-08@12:56:43 - DEBUG - >>>>>>>>>>>>>>> starting str_clean 
2021-12-08@12:56:43 - DEBUG - >>>>>>>>>>>>>>> starting employees 
2021-12-08@12:56:43 - DEBUG - >>>>>>>>>>>>>>> starting str_clean 
2021-12-08@12:56:43 - DEBUG - >>>>>>>>>>>>>>> starting co_get 
2021-12-08@12:56:43 - DEBUG - >>>>>>>>>>>>>>> starting jobs_get 
2021-12-08@12:56:43 - DEBUG - >>>>>>>>>>>>>>> starting jobs_get_class 
2021-12-08@12:56:43 - DEBUG - >>>>>>>>>>>>>>> starting bs_children 
2021-12-08@12:56:43 - DEBUG - >>>>>>>>>>>>>>> starting job_get_spans 
2021-12-08@12:56:43 - DEBUG - >>>>>>>>>>>>>>> starting job_dct 
2021-12-08@12:56:43 - DEBUG - >>>>>>>>>>>>>>> starting role 
2021-12-08@12:56:43 - DEBUG - >>>>>>>>>>>>>>> starting str_clean 
2021-12-08@12:56:43 - DEBUG - >>>>>>>>>>>>>>> starting payment 
2021-12-08@12:56:43 - DEBUG - >>>>>>>>>>>>>>> starting str_clean 
2021-12-08@12:56:43 - DEBUG - >>>>>>>>>>>>>>> starting str_clean 
2021-12-08@12:56:43 - DEBUG - >>>>>>>>>>>>>>> starting identify 
2021-12-08@12:56:43 - DEBUG - >>>>>>>>>>>>>>> starting apply_dct 
2021-12-08@12:56:43 - DEBUG - >>>>>>>>>>>>>>> starting contact 
2021-12-08@12:56:43 - DEBUG - >>>>>>>>>>>>>>> starting str_clean 
2021-12-08@12:56:43 - DEBUG - >>>>>>>>>>>>>>> starting message 
2021-12-08@12:56:43 - DEBUG - >>>>>>>>>>>>>>> starting greeting 
2021-12-08@12:56:43 - DEBUG - >>>>>>>>>>>>>>> starting warmer 
2021-12-08@12:56:43 - DEBUG - >>>>>>>>>>>>>>> starting intro 
2021-12-08@12:56:43 - DEBUG - >>>>>>>>>>>>>>> starting body 
2021-12-08@12:56:43 - WARNING - TODO: add more bodies
2021-12-08@12:56:43 - DEBUG - >>>>>>>>>>>>>>> starting closer 
2021-12-08@12:56:43 - WARNING - TODO: add more closers
2021-12-08@12:56:43 - DEBUG - >>>>>>>>>>>>>>> starting footer 
2021-12-08@12:56:43 - DEBUG - >>>>>>>>>>>>>>>>>>>>>>>>>>>>>>>>>>>>>>>>>>>>> starting update 
2021-12-08@12:56:43 - DEBUG - >>>>>>>>>>>>>>> starting update_applied 
2021-12-08@12:56:43 - DEBUG - updated application data: {'employer': 'Refinery', 'description': 'A people first agency', 'employees': '11-50', 'role': 'Full Stack Engineer, Shopify', 'salary': '$96k – $120k', 'equity': '0.0% – 5.0%', 'time': '2021-12-08 12:56:43.898821', 'id': 'Refinery---Full Stack Engineer, Shopify', 'contact': 'David', 'message': "Hey David, \n\nMy name is Julian Wagle. I'm reaching out in response to the opening you posted for 'Full Stack Engineer, Shopify' - It looks like I'd be a great fit! Plus, it seems like you guys have a pretty cool mission and I'd love to be a part of it.\n\nIf interested in learning more or reaching out, I've attatched a few helpful links and my contact information below. \n\nThank you for your time,\n\n- Julian Wagle\n\nEmail address - julian.wagle.leal@gmail.com\nPhone number - +1(707)346-1659\n\nPortfolio - https://julianwagle.com\nGitHub - https://github.com/julianwagle\nLinkedIn - https://www.linkedin.com/in/julian-wagle/"}
2021-12-08@12:56:43 - DEBUG - >>>>>>>>>>>>>>> starting update_datafile 
2021-12-08@12:56:43 - DEBUG - >>>>>>>>>>>>>>> starting json_dump 
2021-12-08@12:56:43 - DEBUG - updated /Users/home/@DEV/angel/data/applied-test.json
2021-12-08@12:56:43 - DEBUG - >>>>>>>>>>>>>>> starting update_numer 
2021-12-08@12:56:43 - WARNING - updated numer: 6/19
2021-12-08@12:56:43 - DEBUG - >>>>>>>>>>>>>>> starting co_dct 
2021-12-08@12:56:43 - DEBUG - >>>>>>>>>>>>>>> starting employer 
2021-12-08@12:56:43 - DEBUG - >>>>>>>>>>>>>>> starting str_clean 
2021-12-08@12:56:43 - DEBUG - >>>>>>>>>>>>>>> starting description 
2021-12-08@12:56:43 - DEBUG - >>>>>>>>>>>>>>> starting str_clean 
2021-12-08@12:56:43 - DEBUG - >>>>>>>>>>>>>>> starting employees 
2021-12-08@12:56:43 - DEBUG - >>>>>>>>>>>>>>> starting str_clean 
2021-12-08@12:56:43 - DEBUG - >>>>>>>>>>>>>>> starting co_get 
2021-12-08@12:56:43 - DEBUG - >>>>>>>>>>>>>>> starting jobs_get 
2021-12-08@12:56:43 - DEBUG - >>>>>>>>>>>>>>> starting jobs_get_class 
2021-12-08@12:56:43 - DEBUG - >>>>>>>>>>>>>>> starting bs_children 
2021-12-08@12:56:43 - DEBUG - >>>>>>>>>>>>>>> starting job_get_spans 
2021-12-08@12:56:43 - DEBUG - >>>>>>>>>>>>>>> starting job_dct 
2021-12-08@12:56:43 - DEBUG - >>>>>>>>>>>>>>> starting role 
2021-12-08@12:56:43 - DEBUG - >>>>>>>>>>>>>>> starting str_clean 
2021-12-08@12:56:43 - DEBUG - >>>>>>>>>>>>>>> starting payment 
2021-12-08@12:56:43 - DEBUG - >>>>>>>>>>>>>>> starting str_clean 
2021-12-08@12:56:43 - DEBUG - >>>>>>>>>>>>>>> starting str_clean 
2021-12-08@12:56:43 - DEBUG - >>>>>>>>>>>>>>> starting identify 
2021-12-08@12:56:43 - DEBUG - >>>>>>>>>>>>>>> starting apply_dct 
2021-12-08@12:56:43 - DEBUG - >>>>>>>>>>>>>>> starting contact 
2021-12-08@12:56:43 - DEBUG - >>>>>>>>>>>>>>> starting str_clean 
2021-12-08@12:56:43 - DEBUG - >>>>>>>>>>>>>>> starting message 
2021-12-08@12:56:43 - DEBUG - >>>>>>>>>>>>>>> starting greeting 
2021-12-08@12:56:43 - DEBUG - >>>>>>>>>>>>>>> starting warmer 
2021-12-08@12:56:43 - DEBUG - >>>>>>>>>>>>>>> starting intro 
2021-12-08@12:56:43 - DEBUG - >>>>>>>>>>>>>>> starting body 
2021-12-08@12:56:43 - WARNING - TODO: add more bodies
2021-12-08@12:56:43 - DEBUG - >>>>>>>>>>>>>>> starting closer 
2021-12-08@12:56:43 - WARNING - TODO: add more closers
2021-12-08@12:56:43 - DEBUG - >>>>>>>>>>>>>>> starting footer 
2021-12-08@12:56:43 - DEBUG - >>>>>>>>>>>>>>>>>>>>>>>>>>>>>>>>>>>>>>>>>>>>> starting update 
2021-12-08@12:56:43 - DEBUG - >>>>>>>>>>>>>>> starting update_applied 
2021-12-08@12:56:43 - DEBUG - updated application data: {'employer': 'Userfront', 'description': 'Auth without complexity', 'employees': '1-10', 'role': 'Senior software engineer', 'salary': '$100k – $180k', 'equity': '0.5% – 3.0%', 'time': '2021-12-08 12:56:43.929476', 'id': 'Userfront---Senior software engineer', 'contact': 'David', 'message': "Hey David, I hope you're having an excellent week. \n\nMy name is Julian Wagle. I saw you had an openning for 'Senior software engineer'. I'd love to learn more about what the role entails and see if I'd be a good fit to help you guys out.\n\nIf interested in learning more or reaching out, I've attatched a few helpful links and my contact information below. \n\nThank you for your time,\n\n- Julian Wagle\n\nEmail address - julian.wagle.leal@gmail.com\nPhone number - +1(707)346-1659\n\nPortfolio - https://julianwagle.com\nGitHub - https://github.com/julianwagle\nLinkedIn - https://www.linkedin.com/in/julian-wagle/"}
2021-12-08@12:56:43 - DEBUG - >>>>>>>>>>>>>>> starting update_datafile 
2021-12-08@12:56:43 - DEBUG - >>>>>>>>>>>>>>> starting json_dump 
2021-12-08@12:56:43 - DEBUG - updated /Users/home/@DEV/angel/data/applied-test.json
2021-12-08@12:56:43 - DEBUG - >>>>>>>>>>>>>>> starting update_numer 
2021-12-08@12:56:43 - WARNING - updated numer: 7/19
2021-12-08@12:56:43 - DEBUG - >>>>>>>>>>>>>>> starting co_dct 
2021-12-08@12:56:43 - DEBUG - >>>>>>>>>>>>>>> starting employer 
2021-12-08@12:56:43 - DEBUG - >>>>>>>>>>>>>>> starting str_clean 
2021-12-08@12:56:43 - DEBUG - >>>>>>>>>>>>>>> starting description 
2021-12-08@12:56:43 - DEBUG - >>>>>>>>>>>>>>> starting str_clean 
2021-12-08@12:56:43 - DEBUG - >>>>>>>>>>>>>>> starting employees 
2021-12-08@12:56:43 - DEBUG - >>>>>>>>>>>>>>> starting str_clean 
2021-12-08@12:56:43 - DEBUG - >>>>>>>>>>>>>>> starting co_get 
2021-12-08@12:56:43 - DEBUG - >>>>>>>>>>>>>>> starting jobs_get 
2021-12-08@12:56:43 - DEBUG - >>>>>>>>>>>>>>> starting jobs_get_class 
2021-12-08@12:56:43 - DEBUG - >>>>>>>>>>>>>>> starting bs_children 
2021-12-08@12:56:43 - DEBUG - >>>>>>>>>>>>>>> starting job_get_spans 
2021-12-08@12:56:43 - DEBUG - >>>>>>>>>>>>>>> starting job_dct 
2021-12-08@12:56:43 - DEBUG - >>>>>>>>>>>>>>> starting role 
2021-12-08@12:56:43 - DEBUG - >>>>>>>>>>>>>>> starting str_clean 
2021-12-08@12:56:43 - DEBUG - >>>>>>>>>>>>>>> starting payment 
2021-12-08@12:56:43 - DEBUG - >>>>>>>>>>>>>>> starting str_clean 
2021-12-08@12:56:43 - DEBUG - >>>>>>>>>>>>>>> starting str_clean 
2021-12-08@12:56:43 - DEBUG - >>>>>>>>>>>>>>> starting identify 
2021-12-08@12:56:43 - DEBUG - >>>>>>>>>>>>>>> starting apply_dct 
2021-12-08@12:56:43 - DEBUG - >>>>>>>>>>>>>>> starting contact 
2021-12-08@12:56:43 - DEBUG - >>>>>>>>>>>>>>> starting str_clean 
2021-12-08@12:56:43 - DEBUG - >>>>>>>>>>>>>>> starting message 
2021-12-08@12:56:43 - DEBUG - >>>>>>>>>>>>>>> starting greeting 
2021-12-08@12:56:43 - DEBUG - >>>>>>>>>>>>>>> starting warmer 
2021-12-08@12:56:43 - DEBUG - >>>>>>>>>>>>>>> starting intro 
2021-12-08@12:56:43 - DEBUG - >>>>>>>>>>>>>>> starting body 
2021-12-08@12:56:43 - WARNING - TODO: add more bodies
2021-12-08@12:56:43 - DEBUG - >>>>>>>>>>>>>>> starting closer 
2021-12-08@12:56:43 - WARNING - TODO: add more closers
2021-12-08@12:56:43 - DEBUG - >>>>>>>>>>>>>>> starting footer 
2021-12-08@12:56:43 - DEBUG - >>>>>>>>>>>>>>>>>>>>>>>>>>>>>>>>>>>>>>>>>>>>> starting update 
2021-12-08@12:56:43 - DEBUG - >>>>>>>>>>>>>>> starting update_applied 
2021-12-08@12:56:43 - DEBUG - updated application data: {'employer': 'Proof of Impact', 'description': 'Technology company that enables the tracking, measurement, and evaluation of impact investments', 'employees': '11-50', 'role': 'Software Engineer', 'salary': '$80k – $130k', 'equity': '1.0% – 5.0%', 'time': '2021-12-08 12:56:43.954212', 'id': 'Proof of Impact---Software Engineer', 'contact': 'David', 'message': "Hey David, I hope you're having an excellent day. \n\nMy name is Julian Wagle. I'm a Sr. Software Engineer based out of Wichita, KS with 6 years of experience. I'm reaching out in response to the opening you posted for 'Software Engineer' - It looks like I'd be a great fit! Plus, it seems like you guys have a pretty cool mission and I'd love to be a part of it.\n\nIf interested in learning more or reaching out, I've attatched a few helpful links and my contact information below. \n\nThank you for your time,\n\n- Julian Wagle\n\nEmail address - julian.wagle.leal@gmail.com\nPhone number - +1(707)346-1659\n\nPortfolio - https://julianwagle.com\nGitHub - https://github.com/julianwagle\nLinkedIn - https://www.linkedin.com/in/julian-wagle/"}
2021-12-08@12:56:43 - DEBUG - >>>>>>>>>>>>>>> starting update_datafile 
2021-12-08@12:56:43 - DEBUG - >>>>>>>>>>>>>>> starting json_dump 
2021-12-08@12:56:43 - DEBUG - updated /Users/home/@DEV/angel/data/applied-test.json
2021-12-08@12:56:43 - DEBUG - >>>>>>>>>>>>>>> starting update_numer 
2021-12-08@12:56:43 - WARNING - updated numer: 8/19
2021-12-08@12:56:43 - DEBUG - >>>>>>>>>>>>>>> starting co_dct 
2021-12-08@12:56:43 - DEBUG - >>>>>>>>>>>>>>> starting employer 
2021-12-08@12:56:43 - DEBUG - >>>>>>>>>>>>>>> starting str_clean 
2021-12-08@12:56:43 - DEBUG - >>>>>>>>>>>>>>> starting description 
2021-12-08@12:56:43 - DEBUG - >>>>>>>>>>>>>>> starting str_clean 
2021-12-08@12:56:43 - DEBUG - >>>>>>>>>>>>>>> starting employees 
2021-12-08@12:56:43 - DEBUG - >>>>>>>>>>>>>>> starting str_clean 
2021-12-08@12:56:43 - DEBUG - >>>>>>>>>>>>>>> starting co_get 
2021-12-08@12:56:43 - DEBUG - >>>>>>>>>>>>>>> starting jobs_get 
2021-12-08@12:56:43 - DEBUG - >>>>>>>>>>>>>>> starting jobs_get_class 
2021-12-08@12:56:43 - DEBUG - >>>>>>>>>>>>>>> starting bs_children 
2021-12-08@12:56:43 - DEBUG - >>>>>>>>>>>>>>> starting job_get_spans 
2021-12-08@12:56:43 - DEBUG - >>>>>>>>>>>>>>> starting job_dct 
2021-12-08@12:56:43 - DEBUG - >>>>>>>>>>>>>>> starting role 
2021-12-08@12:56:43 - DEBUG - >>>>>>>>>>>>>>> starting str_clean 
2021-12-08@12:56:43 - DEBUG - >>>>>>>>>>>>>>> starting payment 
2021-12-08@12:56:43 - DEBUG - >>>>>>>>>>>>>>> starting str_clean 
2021-12-08@12:56:43 - DEBUG - >>>>>>>>>>>>>>> starting str_clean 
2021-12-08@12:56:43 - DEBUG - >>>>>>>>>>>>>>> starting identify 
2021-12-08@12:56:43 - DEBUG - >>>>>>>>>>>>>>> starting apply_dct 
2021-12-08@12:56:43 - DEBUG - >>>>>>>>>>>>>>> starting contact 
2021-12-08@12:56:43 - DEBUG - >>>>>>>>>>>>>>> starting str_clean 
2021-12-08@12:56:43 - DEBUG - >>>>>>>>>>>>>>> starting message 
2021-12-08@12:56:43 - DEBUG - >>>>>>>>>>>>>>> starting greeting 
2021-12-08@12:56:43 - DEBUG - >>>>>>>>>>>>>>> starting warmer 
2021-12-08@12:56:43 - DEBUG - >>>>>>>>>>>>>>> starting intro 
2021-12-08@12:56:43 - DEBUG - >>>>>>>>>>>>>>> starting body 
2021-12-08@12:56:43 - WARNING - TODO: add more bodies
2021-12-08@12:56:43 - DEBUG - >>>>>>>>>>>>>>> starting closer 
2021-12-08@12:56:43 - WARNING - TODO: add more closers
2021-12-08@12:56:43 - DEBUG - >>>>>>>>>>>>>>> starting footer 
2021-12-08@12:56:43 - DEBUG - >>>>>>>>>>>>>>>>>>>>>>>>>>>>>>>>>>>>>>>>>>>>> starting update 
2021-12-08@12:56:43 - DEBUG - >>>>>>>>>>>>>>> starting update_applied 
2021-12-08@12:56:43 - DEBUG - updated application data: {'employer': 'Ravacan', 'description': 'The future of supplier management', 'employees': '1-10', 'role': 'Senior Software Engineer (Python) - Early Stage Startup - Full Remote US / Western Europe -', 'salary': '$80k – $160k', 'equity': '0.5% – 2.5%', 'time': '2021-12-08 12:56:43.980513', 'id': 'Ravacan---Senior Software Engineer (Python) - Early Stage Startup - Full Remote US / Western Europe -', 'contact': 'David', 'message': "Hello David, I hope this message finds you well. \n\nMy name is Julian Wagle. I'm reaching out in response to the opening you posted for 'Senior Software Engineer (Python) - Early Stage Startup - Full Remote US / Western Europe -' - It looks like I'd be a great fit! Plus, it seems like you guys have a pretty cool mission and I'd love to be a part of it.\n\nIf interested in learning more or reaching out, I've attatched a few helpful links and my contact information below. \n\nThank you for your time,\n\n- Julian Wagle\n\nEmail address - julian.wagle.leal@gmail.com\nPhone number - +1(707)346-1659\n\nPortfolio - https://julianwagle.com\nGitHub - https://github.com/julianwagle\nLinkedIn - https://www.linkedin.com/in/julian-wagle/"}
2021-12-08@12:56:43 - DEBUG - >>>>>>>>>>>>>>> starting update_datafile 
2021-12-08@12:56:43 - DEBUG - >>>>>>>>>>>>>>> starting json_dump 
2021-12-08@12:56:43 - DEBUG - updated /Users/home/@DEV/angel/data/applied-test.json
2021-12-08@12:56:43 - DEBUG - >>>>>>>>>>>>>>> starting update_numer 
2021-12-08@12:56:43 - WARNING - updated numer: 9/19
2021-12-08@12:56:43 - DEBUG - >>>>>>>>>>>>>>> starting co_dct 
2021-12-08@12:56:43 - DEBUG - >>>>>>>>>>>>>>> starting employer 
2021-12-08@12:56:43 - DEBUG - >>>>>>>>>>>>>>> starting str_clean 
2021-12-08@12:56:43 - DEBUG - >>>>>>>>>>>>>>> starting description 
2021-12-08@12:56:43 - DEBUG - >>>>>>>>>>>>>>> starting str_clean 
2021-12-08@12:56:44 - DEBUG - >>>>>>>>>>>>>>> starting employees 
2021-12-08@12:56:44 - DEBUG - >>>>>>>>>>>>>>> starting str_clean 
2021-12-08@12:56:44 - DEBUG - >>>>>>>>>>>>>>> starting co_get 
2021-12-08@12:56:44 - DEBUG - >>>>>>>>>>>>>>> starting jobs_get 
2021-12-08@12:56:44 - DEBUG - >>>>>>>>>>>>>>> starting jobs_get_class 
2021-12-08@12:56:44 - DEBUG - >>>>>>>>>>>>>>> starting bs_children 
2021-12-08@12:56:44 - DEBUG - >>>>>>>>>>>>>>> starting job_get_spans 
2021-12-08@12:56:44 - DEBUG - >>>>>>>>>>>>>>> starting job_dct 
2021-12-08@12:56:44 - DEBUG - >>>>>>>>>>>>>>> starting role 
2021-12-08@12:56:44 - DEBUG - >>>>>>>>>>>>>>> starting str_clean 
2021-12-08@12:56:44 - DEBUG - >>>>>>>>>>>>>>> starting payment 
2021-12-08@12:56:44 - DEBUG - >>>>>>>>>>>>>>> starting str_clean 
2021-12-08@12:56:44 - DEBUG - >>>>>>>>>>>>>>> starting str_clean 
2021-12-08@12:56:44 - DEBUG - >>>>>>>>>>>>>>> starting identify 
2021-12-08@12:56:44 - DEBUG - >>>>>>>>>>>>>>> starting apply_dct 
2021-12-08@12:56:44 - DEBUG - >>>>>>>>>>>>>>> starting contact 
2021-12-08@12:56:44 - DEBUG - >>>>>>>>>>>>>>> starting str_clean 
2021-12-08@12:56:44 - DEBUG - >>>>>>>>>>>>>>> starting message 
2021-12-08@12:56:44 - DEBUG - >>>>>>>>>>>>>>> starting greeting 
2021-12-08@12:56:44 - DEBUG - >>>>>>>>>>>>>>> starting warmer 
2021-12-08@12:56:44 - DEBUG - >>>>>>>>>>>>>>> starting intro 
2021-12-08@12:56:44 - DEBUG - >>>>>>>>>>>>>>> starting body 
2021-12-08@12:56:44 - WARNING - TODO: add more bodies
2021-12-08@12:56:44 - DEBUG - >>>>>>>>>>>>>>> starting closer 
2021-12-08@12:56:44 - WARNING - TODO: add more closers
2021-12-08@12:56:44 - DEBUG - >>>>>>>>>>>>>>> starting footer 
2021-12-08@12:56:44 - DEBUG - >>>>>>>>>>>>>>>>>>>>>>>>>>>>>>>>>>>>>>>>>>>>> starting update 
2021-12-08@12:56:44 - DEBUG - >>>>>>>>>>>>>>> starting update_applied 
2021-12-08@12:56:44 - DEBUG - updated application data: {'employer': 'Showcase', 'description': 'Reimagining the delivery and consumption of business video', 'employees': '1-10', 'role': 'Founding Fullstack Software Engineer', 'salary': '$80k – $130k', 'equity': '0.5% – 2.0%', 'time': '2021-12-08 12:56:44.010661', 'id': 'Showcase---Founding Fullstack Software Engineer', 'contact': 'David', 'message': "Hey David, \n\nMy name is Julian Wagle. I saw you had an openning for 'Founding Fullstack Software Engineer'. I'd love to learn more about what the role entails and see if I'd be a good fit to help you guys out.\n\nIf interested in learning more or reaching out, I've attatched a few helpful links and my contact information below. \n\nThank you for your time,\n\n- Julian Wagle\n\nEmail address - julian.wagle.leal@gmail.com\nPhone number - +1(707)346-1659\n\nPortfolio - https://julianwagle.com\nGitHub - https://github.com/julianwagle\nLinkedIn - https://www.linkedin.com/in/julian-wagle/"}
2021-12-08@12:56:44 - DEBUG - >>>>>>>>>>>>>>> starting update_datafile 
2021-12-08@12:56:44 - DEBUG - >>>>>>>>>>>>>>> starting json_dump 
2021-12-08@12:56:44 - DEBUG - updated /Users/home/@DEV/angel/data/applied-test.json
2021-12-08@12:56:44 - DEBUG - >>>>>>>>>>>>>>> starting update_numer 
2021-12-08@12:56:44 - WARNING - updated numer: 10/19
2021-12-08@12:56:44 - DEBUG - >>>>>>>>>>>>>>> starting co_dct 
2021-12-08@12:56:44 - DEBUG - >>>>>>>>>>>>>>> starting employer 
2021-12-08@12:56:44 - DEBUG - >>>>>>>>>>>>>>> starting str_clean 
2021-12-08@12:56:44 - DEBUG - >>>>>>>>>>>>>>> starting description 
2021-12-08@12:56:44 - DEBUG - >>>>>>>>>>>>>>> starting str_clean 
2021-12-08@12:56:44 - DEBUG - >>>>>>>>>>>>>>> starting employees 
2021-12-08@12:56:44 - DEBUG - >>>>>>>>>>>>>>> starting str_clean 
2021-12-08@12:56:44 - DEBUG - >>>>>>>>>>>>>>> starting co_get 
2021-12-08@12:56:44 - DEBUG - >>>>>>>>>>>>>>> starting jobs_get 
2021-12-08@12:56:44 - DEBUG - >>>>>>>>>>>>>>> starting jobs_get_class 
2021-12-08@12:56:44 - DEBUG - >>>>>>>>>>>>>>> starting bs_children 
2021-12-08@12:56:44 - DEBUG - >>>>>>>>>>>>>>> starting job_get_spans 
2021-12-08@12:56:44 - DEBUG - >>>>>>>>>>>>>>> starting job_dct 
2021-12-08@12:56:44 - DEBUG - >>>>>>>>>>>>>>> starting role 
2021-12-08@12:56:44 - DEBUG - >>>>>>>>>>>>>>> starting str_clean 
2021-12-08@12:56:44 - DEBUG - >>>>>>>>>>>>>>> starting payment 
2021-12-08@12:56:44 - DEBUG - >>>>>>>>>>>>>>> starting str_clean 
2021-12-08@12:56:44 - DEBUG - >>>>>>>>>>>>>>> starting str_clean 
2021-12-08@12:56:44 - DEBUG - >>>>>>>>>>>>>>> starting identify 
2021-12-08@12:56:44 - DEBUG - >>>>>>>>>>>>>>> starting apply_dct 
2021-12-08@12:56:44 - DEBUG - >>>>>>>>>>>>>>> starting contact 
2021-12-08@12:56:44 - DEBUG - >>>>>>>>>>>>>>> starting str_clean 
2021-12-08@12:56:44 - DEBUG - >>>>>>>>>>>>>>> starting message 
2021-12-08@12:56:44 - DEBUG - >>>>>>>>>>>>>>> starting greeting 
2021-12-08@12:56:44 - DEBUG - >>>>>>>>>>>>>>> starting warmer 
2021-12-08@12:56:44 - DEBUG - >>>>>>>>>>>>>>> starting intro 
2021-12-08@12:56:44 - DEBUG - >>>>>>>>>>>>>>> starting body 
2021-12-08@12:56:44 - WARNING - TODO: add more bodies
2021-12-08@12:56:44 - DEBUG - >>>>>>>>>>>>>>> starting closer 
2021-12-08@12:56:44 - WARNING - TODO: add more closers
2021-12-08@12:56:44 - DEBUG - >>>>>>>>>>>>>>> starting footer 
2021-12-08@12:56:44 - DEBUG - >>>>>>>>>>>>>>>>>>>>>>>>>>>>>>>>>>>>>>>>>>>>> starting update 
2021-12-08@12:56:44 - DEBUG - >>>>>>>>>>>>>>> starting update_applied 
2021-12-08@12:56:44 - DEBUG - updated application data: {'employer': 'Within Health', 'description': 'Intelligent care coordination for healthcare', 'employees': '1-10', 'role': 'Director of Software Engineering', 'salary': '$175k – $250k', 'equity': '0.5% – 2.0%', 'time': '2021-12-08 12:56:44.036294', 'id': 'Within Health---Director of Software Engineering', 'contact': 'David', 'message': "Hello David, I hope this message finds you well. \n\nMy name is Julian Wagle. I'm a Sr. Software Engineer based out of Wichita, KS with 6 years of experience. I saw you had an openning for 'Director of Software Engineering'. I'd love to learn more about what the role entails and see if I'd be a good fit to help you guys out.\n\nIf interested in learning more or reaching out, I've attatched a few helpful links and my contact information below. \n\nThank you for your time,\n\n- Julian Wagle\n\nEmail address - julian.wagle.leal@gmail.com\nPhone number - +1(707)346-1659\n\nPortfolio - https://julianwagle.com\nGitHub - https://github.com/julianwagle\nLinkedIn - https://www.linkedin.com/in/julian-wagle/"}
2021-12-08@12:56:44 - DEBUG - >>>>>>>>>>>>>>> starting update_datafile 
2021-12-08@12:56:44 - DEBUG - >>>>>>>>>>>>>>> starting json_dump 
2021-12-08@12:56:44 - DEBUG - updated /Users/home/@DEV/angel/data/applied-test.json
2021-12-08@12:56:44 - DEBUG - >>>>>>>>>>>>>>> starting update_numer 
2021-12-08@12:56:44 - WARNING - updated numer: 11/19
2021-12-08@12:56:44 - DEBUG - >>>>>>>>>>>>>>> starting co_dct 
2021-12-08@12:56:44 - DEBUG - >>>>>>>>>>>>>>> starting employer 
2021-12-08@12:56:44 - DEBUG - >>>>>>>>>>>>>>> starting str_clean 
2021-12-08@12:56:44 - DEBUG - >>>>>>>>>>>>>>> starting description 
2021-12-08@12:56:44 - DEBUG - >>>>>>>>>>>>>>> starting str_clean 
2021-12-08@12:56:44 - DEBUG - >>>>>>>>>>>>>>> starting employees 
2021-12-08@12:56:44 - DEBUG - >>>>>>>>>>>>>>> starting str_clean 
2021-12-08@12:56:44 - DEBUG - >>>>>>>>>>>>>>> starting co_get 
2021-12-08@12:56:44 - DEBUG - >>>>>>>>>>>>>>> starting jobs_get 
2021-12-08@12:56:44 - DEBUG - >>>>>>>>>>>>>>> starting jobs_get_class 
2021-12-08@12:56:44 - DEBUG - >>>>>>>>>>>>>>> starting bs_children 
2021-12-08@12:56:44 - DEBUG - >>>>>>>>>>>>>>> starting job_get_spans 
2021-12-08@12:56:44 - DEBUG - >>>>>>>>>>>>>>> starting job_dct 
2021-12-08@12:56:44 - DEBUG - >>>>>>>>>>>>>>> starting role 
2021-12-08@12:56:44 - DEBUG - >>>>>>>>>>>>>>> starting str_clean 
2021-12-08@12:56:44 - DEBUG - >>>>>>>>>>>>>>> starting payment 
2021-12-08@12:56:44 - DEBUG - >>>>>>>>>>>>>>> starting str_clean 
2021-12-08@12:56:44 - DEBUG - >>>>>>>>>>>>>>> starting str_clean 
2021-12-08@12:56:44 - DEBUG - >>>>>>>>>>>>>>> starting identify 
2021-12-08@12:56:44 - DEBUG - >>>>>>>>>>>>>>> starting apply_dct 
2021-12-08@12:56:44 - DEBUG - >>>>>>>>>>>>>>> starting contact 
2021-12-08@12:56:44 - DEBUG - >>>>>>>>>>>>>>> starting str_clean 
2021-12-08@12:56:44 - DEBUG - >>>>>>>>>>>>>>> starting message 
2021-12-08@12:56:44 - DEBUG - >>>>>>>>>>>>>>> starting greeting 
2021-12-08@12:56:44 - DEBUG - >>>>>>>>>>>>>>> starting warmer 
2021-12-08@12:56:44 - DEBUG - >>>>>>>>>>>>>>> starting intro 
2021-12-08@12:56:44 - DEBUG - >>>>>>>>>>>>>>> starting body 
2021-12-08@12:56:44 - WARNING - TODO: add more bodies
2021-12-08@12:56:44 - DEBUG - >>>>>>>>>>>>>>> starting closer 
2021-12-08@12:56:44 - WARNING - TODO: add more closers
2021-12-08@12:56:44 - DEBUG - >>>>>>>>>>>>>>> starting footer 
2021-12-08@12:56:44 - DEBUG - >>>>>>>>>>>>>>>>>>>>>>>>>>>>>>>>>>>>>>>>>>>>> starting update 
2021-12-08@12:56:44 - DEBUG - >>>>>>>>>>>>>>> starting update_applied 
2021-12-08@12:56:44 - DEBUG - updated application data: {'employer': 'Covalent', 'description': 'We help remote/hybrid organizations build culture through curated, personalized connections', 'employees': '1-10', 'role': 'Founding Engineer', 'salary': '$100k – $150k', 'equity': '1.0% – 3.0%', 'time': '2021-12-08 12:56:44.057513', 'id': 'Covalent---Founding Engineer', 'contact': 'David', 'message': "Hey David, \n\nMy name is Julian Wagle. I'm a Sr. Software Engineer based out of Wichita, KS with 6 years of experience. I saw you had an openning for 'Founding Engineer'. I'd love to learn more about what the role entails and see if I'd be a good fit to help you guys out.\n\nIf interested in learning more or reaching out, I've attatched a few helpful links and my contact information below. \n\nThank you for your time,\n\n- Julian Wagle\n\nEmail address - julian.wagle.leal@gmail.com\nPhone number - +1(707)346-1659\n\nPortfolio - https://julianwagle.com\nGitHub - https://github.com/julianwagle\nLinkedIn - https://www.linkedin.com/in/julian-wagle/"}
2021-12-08@12:56:44 - DEBUG - >>>>>>>>>>>>>>> starting update_datafile 
2021-12-08@12:56:44 - DEBUG - >>>>>>>>>>>>>>> starting json_dump 
2021-12-08@12:56:44 - DEBUG - updated /Users/home/@DEV/angel/data/applied-test.json
2021-12-08@12:56:44 - DEBUG - >>>>>>>>>>>>>>> starting update_numer 
2021-12-08@12:56:44 - WARNING - updated numer: 12/19
2021-12-08@12:56:44 - DEBUG - >>>>>>>>>>>>>>> starting cos_get 
2021-12-08@12:56:44 - DEBUG - >>>>>>>>>>>>>>> starting cos_lst 
2021-12-08@12:56:44 - DEBUG - >>>>>>>>>>>>>>> starting promotion 
2021-12-08@12:56:44 - DEBUG - >>>>>>>>>>>>>>> starting promotion 
2021-12-08@12:56:44 - DEBUG - >>>>>>>>>>>>>>> starting promotion 
2021-12-08@12:56:44 - DEBUG - >>>>>>>>>>>>>>> starting promotion 
2021-12-08@12:56:44 - DEBUG - >>>>>>>>>>>>>>> starting promotion 
2021-12-08@12:56:44 - DEBUG - >>>>>>>>>>>>>>> starting promotion 
2021-12-08@12:56:44 - DEBUG - >>>>>>>>>>>>>>> starting promotion 
2021-12-08@12:56:44 - DEBUG - >>>>>>>>>>>>>>> starting promotion 
2021-12-08@12:56:44 - DEBUG - >>>>>>>>>>>>>>> starting promotion 
2021-12-08@12:56:44 - DEBUG - >>>>>>>>>>>>>>> starting promotion 
2021-12-08@12:56:44 - DEBUG - >>>>>>>>>>>>>>> starting promotion 
2021-12-08@12:56:44 - DEBUG - >>>>>>>>>>>>>>> starting promotion 
2021-12-08@12:56:44 - DEBUG - >>>>>>>>>>>>>>> starting promotion 
2021-12-08@12:56:44 - DEBUG - >>>>>>>>>>>>>>> starting promotion 
2021-12-08@12:56:44 - DEBUG - >>>>>>>>>>>>>>> starting promotion 
2021-12-08@12:56:44 - DEBUG - >>>>>>>>>>>>>>> starting promotion 
2021-12-08@12:56:44 - DEBUG - >>>>>>>>>>>>>>> starting co_dct 
2021-12-08@12:56:44 - DEBUG - >>>>>>>>>>>>>>> starting employer 
2021-12-08@12:56:44 - DEBUG - >>>>>>>>>>>>>>> starting str_clean 
2021-12-08@12:56:44 - DEBUG - >>>>>>>>>>>>>>> starting description 
2021-12-08@12:56:44 - DEBUG - >>>>>>>>>>>>>>> starting str_clean 
2021-12-08@12:56:44 - DEBUG - >>>>>>>>>>>>>>> starting employees 
2021-12-08@12:56:44 - DEBUG - >>>>>>>>>>>>>>> starting str_clean 
2021-12-08@12:56:44 - DEBUG - >>>>>>>>>>>>>>> starting co_get 
2021-12-08@12:56:44 - DEBUG - >>>>>>>>>>>>>>> starting jobs_get 
2021-12-08@12:56:44 - DEBUG - >>>>>>>>>>>>>>> starting jobs_get_class 
2021-12-08@12:56:44 - DEBUG - >>>>>>>>>>>>>>> starting bs_children 
2021-12-08@12:56:44 - DEBUG - >>>>>>>>>>>>>>> starting job_get_spans 
2021-12-08@12:56:44 - DEBUG - >>>>>>>>>>>>>>> starting job_dct 
2021-12-08@12:56:44 - DEBUG - >>>>>>>>>>>>>>> starting role 
2021-12-08@12:56:44 - DEBUG - >>>>>>>>>>>>>>> starting str_clean 
2021-12-08@12:56:44 - DEBUG - >>>>>>>>>>>>>>> starting payment 
2021-12-08@12:56:44 - DEBUG - >>>>>>>>>>>>>>> starting str_clean 
2021-12-08@12:56:44 - DEBUG - >>>>>>>>>>>>>>> starting str_clean 
2021-12-08@12:56:44 - DEBUG - >>>>>>>>>>>>>>> starting identify 
2021-12-08@12:56:44 - DEBUG - >>>>>>>>>>>>>>> starting apply_dct 
2021-12-08@12:56:44 - DEBUG - >>>>>>>>>>>>>>> starting contact 
2021-12-08@12:56:44 - DEBUG - >>>>>>>>>>>>>>> starting str_clean 
2021-12-08@12:56:44 - DEBUG - >>>>>>>>>>>>>>> starting message 
2021-12-08@12:56:44 - DEBUG - >>>>>>>>>>>>>>> starting greeting 
2021-12-08@12:56:44 - DEBUG - >>>>>>>>>>>>>>> starting warmer 
2021-12-08@12:56:44 - DEBUG - >>>>>>>>>>>>>>> starting intro 
2021-12-08@12:56:44 - DEBUG - >>>>>>>>>>>>>>> starting body 
2021-12-08@12:56:44 - WARNING - TODO: add more bodies
2021-12-08@12:56:44 - DEBUG - >>>>>>>>>>>>>>> starting closer 
2021-12-08@12:56:44 - WARNING - TODO: add more closers
2021-12-08@12:56:44 - DEBUG - >>>>>>>>>>>>>>> starting footer 
2021-12-08@12:56:44 - DEBUG - >>>>>>>>>>>>>>>>>>>>>>>>>>>>>>>>>>>>>>>>>>>>> starting update 
2021-12-08@12:56:44 - DEBUG - >>>>>>>>>>>>>>> starting update_applied 
2021-12-08@12:56:44 - DEBUG - updated application data: {'employer': 'Iron Plans (YC S20)', 'description': 'Subscriptions, usage-based billing, & teams for SaaS apps', 'employees': '1-10', 'role': 'Founding Full Stack Engineer', 'salary': '$105k – $150k', 'equity': '0.5% – 2.0%', 'time': '2021-12-08 12:56:44.116684', 'id': 'Iron Plans (YC S20)---Founding Full Stack Engineer', 'contact': 'David', 'message': "Hey David, I hope this message finds you well. \n\nMy name is Julian Wagle. I'm a Sr. Software Engineer based out of Wichita, KS with 6 years of experience. I'm reaching out in response to the opening you posted for 'Founding Full Stack Engineer' - It looks like I'd be a great fit! Plus, it seems like you guys have a pretty cool mission and I'd love to be a part of it.\n\nIf interested in learning more or reaching out, I've attatched a few helpful links and my contact information below. \n\nThank you for your time,\n\n- Julian Wagle\n\nEmail address - julian.wagle.leal@gmail.com\nPhone number - +1(707)346-1659\n\nPortfolio - https://julianwagle.com\nGitHub - https://github.com/julianwagle\nLinkedIn - https://www.linkedin.com/in/julian-wagle/"}
2021-12-08@12:56:44 - DEBUG - >>>>>>>>>>>>>>> starting update_datafile 
2021-12-08@12:56:44 - DEBUG - >>>>>>>>>>>>>>> starting json_dump 
2021-12-08@12:56:44 - DEBUG - updated /Users/home/@DEV/angel/data/applied-test.json
2021-12-08@12:56:44 - DEBUG - >>>>>>>>>>>>>>> starting update_numer 
2021-12-08@12:56:44 - WARNING - updated numer: 13/19
2021-12-08@12:56:44 - DEBUG - >>>>>>>>>>>>>>> starting co_dct 
2021-12-08@12:56:44 - DEBUG - >>>>>>>>>>>>>>> starting employer 
2021-12-08@12:56:44 - DEBUG - >>>>>>>>>>>>>>> starting str_clean 
2021-12-08@12:56:44 - DEBUG - >>>>>>>>>>>>>>> starting description 
2021-12-08@12:56:44 - DEBUG - >>>>>>>>>>>>>>> starting str_clean 
2021-12-08@12:56:44 - DEBUG - >>>>>>>>>>>>>>> starting employees 
2021-12-08@12:56:44 - DEBUG - >>>>>>>>>>>>>>> starting str_clean 
2021-12-08@12:56:44 - DEBUG - >>>>>>>>>>>>>>> starting co_get 
2021-12-08@12:56:44 - DEBUG - >>>>>>>>>>>>>>> starting jobs_get 
2021-12-08@12:56:44 - DEBUG - >>>>>>>>>>>>>>> starting jobs_get_class 
2021-12-08@12:56:44 - DEBUG - >>>>>>>>>>>>>>> starting bs_children 
2021-12-08@12:56:44 - DEBUG - >>>>>>>>>>>>>>> starting job_get_spans 
2021-12-08@12:56:44 - DEBUG - >>>>>>>>>>>>>>> starting job_dct 
2021-12-08@12:56:44 - DEBUG - >>>>>>>>>>>>>>> starting role 
2021-12-08@12:56:44 - DEBUG - >>>>>>>>>>>>>>> starting str_clean 
2021-12-08@12:56:44 - DEBUG - >>>>>>>>>>>>>>> starting payment 
2021-12-08@12:56:44 - DEBUG - >>>>>>>>>>>>>>> starting str_clean 
2021-12-08@12:56:44 - DEBUG - >>>>>>>>>>>>>>> starting str_clean 
2021-12-08@12:56:44 - DEBUG - >>>>>>>>>>>>>>> starting identify 
2021-12-08@12:56:44 - DEBUG - >>>>>>>>>>>>>>> starting apply_dct 
2021-12-08@12:56:44 - DEBUG - >>>>>>>>>>>>>>> starting contact 
2021-12-08@12:56:44 - DEBUG - >>>>>>>>>>>>>>> starting str_clean 
2021-12-08@12:56:44 - DEBUG - >>>>>>>>>>>>>>> starting message 
2021-12-08@12:56:44 - DEBUG - >>>>>>>>>>>>>>> starting greeting 
2021-12-08@12:56:44 - DEBUG - >>>>>>>>>>>>>>> starting warmer 
2021-12-08@12:56:44 - DEBUG - >>>>>>>>>>>>>>> starting intro 
2021-12-08@12:56:44 - DEBUG - >>>>>>>>>>>>>>> starting body 
2021-12-08@12:56:44 - WARNING - TODO: add more bodies
2021-12-08@12:56:44 - DEBUG - >>>>>>>>>>>>>>> starting closer 
2021-12-08@12:56:44 - WARNING - TODO: add more closers
2021-12-08@12:56:44 - DEBUG - >>>>>>>>>>>>>>> starting footer 
2021-12-08@12:56:44 - DEBUG - >>>>>>>>>>>>>>>>>>>>>>>>>>>>>>>>>>>>>>>>>>>>> starting update 
2021-12-08@12:56:44 - DEBUG - >>>>>>>>>>>>>>> starting update_applied 
2021-12-08@12:56:44 - DEBUG - updated application data: {'employer': 'Flow Club', 'description': 'Virtual WeWork for Deep Work', 'employees': '1-10', 'role': 'Contract Front End Engineer', 'salary': '$120k – $200k', 'equity': '0.0% – 2.0%', 'time': '2021-12-08 12:56:44.145075', 'id': 'Flow Club---Contract Front End Engineer', 'contact': 'David', 'message': "Hello David, I hope you're having a great day. \n\nMy name is Julian Wagle. I'm a Sr. Software Engineer with 6 years of experience. I'm reaching out in response to the opening you posted for 'Contract Front End Engineer' - It looks like I'd be a great fit! Plus, it seems like you guys have a pretty cool mission and I'd love to be a part of it.\n\nIf interested in learning more or reaching out, I've attatched a few helpful links and my contact information below. \n\nThank you for your time,\n\n- Julian Wagle\n\nEmail address - julian.wagle.leal@gmail.com\nPhone number - +1(707)346-1659\n\nPortfolio - https://julianwagle.com\nGitHub - https://github.com/julianwagle\nLinkedIn - https://www.linkedin.com/in/julian-wagle/"}
2021-12-08@12:56:44 - DEBUG - >>>>>>>>>>>>>>> starting update_datafile 
2021-12-08@12:56:44 - DEBUG - >>>>>>>>>>>>>>> starting json_dump 
2021-12-08@12:56:44 - DEBUG - updated /Users/home/@DEV/angel/data/applied-test.json
2021-12-08@12:56:44 - DEBUG - >>>>>>>>>>>>>>> starting update_numer 
2021-12-08@12:56:44 - WARNING - updated numer: 14/19
2021-12-08@12:56:44 - DEBUG - >>>>>>>>>>>>>>> starting job_get_spans 
2021-12-08@12:56:44 - DEBUG - >>>>>>>>>>>>>>> starting job_dct 
2021-12-08@12:56:44 - DEBUG - >>>>>>>>>>>>>>> starting role 
2021-12-08@12:56:44 - DEBUG - >>>>>>>>>>>>>>> starting str_clean 
2021-12-08@12:56:44 - DEBUG - >>>>>>>>>>>>>>> starting payment 
2021-12-08@12:56:44 - DEBUG - >>>>>>>>>>>>>>> starting str_clean 
2021-12-08@12:56:44 - DEBUG - >>>>>>>>>>>>>>> starting str_clean 
2021-12-08@12:56:44 - DEBUG - >>>>>>>>>>>>>>> starting identify 
2021-12-08@12:56:44 - DEBUG - >>>>>>>>>>>>>>> starting apply_dct 
2021-12-08@12:56:44 - DEBUG - >>>>>>>>>>>>>>> starting contact 
2021-12-08@12:56:44 - DEBUG - >>>>>>>>>>>>>>> starting str_clean 
2021-12-08@12:56:44 - DEBUG - >>>>>>>>>>>>>>> starting message 
2021-12-08@12:56:44 - DEBUG - >>>>>>>>>>>>>>> starting greeting 
2021-12-08@12:56:44 - DEBUG - >>>>>>>>>>>>>>> starting warmer 
2021-12-08@12:56:44 - DEBUG - >>>>>>>>>>>>>>> starting intro 
2021-12-08@12:56:44 - DEBUG - >>>>>>>>>>>>>>> starting body 
2021-12-08@12:56:44 - WARNING - TODO: add more bodies
2021-12-08@12:56:44 - DEBUG - >>>>>>>>>>>>>>> starting closer 
2021-12-08@12:56:44 - WARNING - TODO: add more closers
2021-12-08@12:56:44 - DEBUG - >>>>>>>>>>>>>>> starting footer 
2021-12-08@12:56:44 - DEBUG - >>>>>>>>>>>>>>>>>>>>>>>>>>>>>>>>>>>>>>>>>>>>> starting update 
2021-12-08@12:56:44 - DEBUG - >>>>>>>>>>>>>>> starting update_applied 
2021-12-08@12:56:44 - DEBUG - updated application data: {'employer': 'Flow Club', 'description': 'Virtual WeWork for Deep Work', 'employees': '1-10', 'role': 'Contract Full Stack Engineer', 'salary': '$120k – $200k', 'equity': '0.0% – 2.0%', 'time': '2021-12-08 12:56:44.159778', 'id': 'Flow Club---Contract Full Stack Engineer', 'contact': 'David', 'message': "Hello David, I hope this message finds you well. \n\nMy name is Julian Wagle. I saw you had an openning for 'Contract Full Stack Engineer'. I'd love to learn more about what the role entails and see if I'd be a good fit to help you guys out.\n\nIf interested in learning more or reaching out, I've attatched a few helpful links and my contact information below. \n\nThank you for your time,\n\n- Julian Wagle\n\nEmail address - julian.wagle.leal@gmail.com\nPhone number - +1(707)346-1659\n\nPortfolio - https://julianwagle.com\nGitHub - https://github.com/julianwagle\nLinkedIn - https://www.linkedin.com/in/julian-wagle/"}
2021-12-08@12:56:44 - DEBUG - >>>>>>>>>>>>>>> starting update_datafile 
2021-12-08@12:56:44 - DEBUG - >>>>>>>>>>>>>>> starting json_dump 
2021-12-08@12:56:44 - DEBUG - updated /Users/home/@DEV/angel/data/applied-test.json
2021-12-08@12:56:44 - DEBUG - >>>>>>>>>>>>>>> starting update_numer 
2021-12-08@12:56:44 - WARNING - updated numer: 15/19
2021-12-08@12:56:44 - DEBUG - >>>>>>>>>>>>>>> starting job_get_spans 
2021-12-08@12:56:44 - DEBUG - >>>>>>>>>>>>>>> starting job_dct 
2021-12-08@12:56:44 - DEBUG - >>>>>>>>>>>>>>> starting role 
2021-12-08@12:56:44 - DEBUG - >>>>>>>>>>>>>>> starting str_clean 
2021-12-08@12:56:44 - DEBUG - >>>>>>>>>>>>>>> starting payment 
2021-12-08@12:56:44 - DEBUG - >>>>>>>>>>>>>>> starting str_clean 
2021-12-08@12:56:44 - DEBUG - >>>>>>>>>>>>>>> starting str_clean 
2021-12-08@12:56:44 - DEBUG - >>>>>>>>>>>>>>> starting identify 
2021-12-08@12:56:44 - DEBUG - >>>>>>>>>>>>>>> starting apply_dct 
2021-12-08@12:56:44 - DEBUG - >>>>>>>>>>>>>>> starting contact 
2021-12-08@12:56:44 - DEBUG - >>>>>>>>>>>>>>> starting str_clean 
2021-12-08@12:56:44 - DEBUG - >>>>>>>>>>>>>>> starting message 
2021-12-08@12:56:44 - DEBUG - >>>>>>>>>>>>>>> starting greeting 
2021-12-08@12:56:44 - DEBUG - >>>>>>>>>>>>>>> starting warmer 
2021-12-08@12:56:44 - DEBUG - >>>>>>>>>>>>>>> starting intro 
2021-12-08@12:56:44 - DEBUG - >>>>>>>>>>>>>>> starting body 
2021-12-08@12:56:44 - WARNING - TODO: add more bodies
2021-12-08@12:56:44 - DEBUG - >>>>>>>>>>>>>>> starting closer 
2021-12-08@12:56:44 - WARNING - TODO: add more closers
2021-12-08@12:56:44 - DEBUG - >>>>>>>>>>>>>>> starting footer 
2021-12-08@12:56:44 - DEBUG - >>>>>>>>>>>>>>>>>>>>>>>>>>>>>>>>>>>>>>>>>>>>> starting update 
2021-12-08@12:56:44 - DEBUG - >>>>>>>>>>>>>>> starting update_applied 
2021-12-08@12:56:44 - DEBUG - updated application data: {'employer': 'Flow Club', 'description': 'Virtual WeWork for Deep Work', 'employees': '1-10', 'role': 'Founding Front End Engineer', 'salary': '$120k – $200k', 'equity': '0.25% – 2.0%', 'time': '2021-12-08 12:56:44.174551', 'id': 'Flow Club---Founding Front End Engineer', 'contact': 'David', 'message': "Hello David, I hope you're having an excellent week. \n\nMy name is Julian Wagle. I'm a Sr. Software Engineer based out of Wichita, KS with 6 years of experience. I saw you had an openning for 'Founding Front End Engineer'. I'd love to learn more about what the role entails and see if I'd be a good fit to help you guys out.\n\nIf interested in learning more or reaching out, I've attatched a few helpful links and my contact information below. \n\nThank you for your time,\n\n- Julian Wagle\n\nEmail address - julian.wagle.leal@gmail.com\nPhone number - +1(707)346-1659\n\nPortfolio - https://julianwagle.com\nGitHub - https://github.com/julianwagle\nLinkedIn - https://www.linkedin.com/in/julian-wagle/"}
2021-12-08@12:56:44 - DEBUG - >>>>>>>>>>>>>>> starting update_datafile 
2021-12-08@12:56:44 - DEBUG - >>>>>>>>>>>>>>> starting json_dump 
2021-12-08@12:56:44 - DEBUG - updated /Users/home/@DEV/angel/data/applied-test.json
2021-12-08@12:56:44 - DEBUG - >>>>>>>>>>>>>>> starting update_numer 
2021-12-08@12:56:44 - WARNING - updated numer: 16/19
2021-12-08@12:56:44 - DEBUG - >>>>>>>>>>>>>>> starting co_dct 
2021-12-08@12:56:44 - DEBUG - >>>>>>>>>>>>>>> starting employer 
2021-12-08@12:56:44 - DEBUG - >>>>>>>>>>>>>>> starting str_clean 
2021-12-08@12:56:44 - DEBUG - >>>>>>>>>>>>>>> starting description 
2021-12-08@12:56:44 - DEBUG - >>>>>>>>>>>>>>> starting str_clean 
2021-12-08@12:56:44 - DEBUG - >>>>>>>>>>>>>>> starting employees 
2021-12-08@12:56:44 - DEBUG - >>>>>>>>>>>>>>> starting str_clean 
2021-12-08@12:56:44 - DEBUG - >>>>>>>>>>>>>>> starting co_get 
2021-12-08@12:56:44 - DEBUG - >>>>>>>>>>>>>>> starting jobs_get 
2021-12-08@12:56:44 - DEBUG - >>>>>>>>>>>>>>> starting jobs_get_class 
2021-12-08@12:56:44 - DEBUG - >>>>>>>>>>>>>>> starting bs_children 
2021-12-08@12:56:44 - DEBUG - >>>>>>>>>>>>>>> starting job_get_spans 
2021-12-08@12:56:44 - DEBUG - >>>>>>>>>>>>>>> starting job_dct 
2021-12-08@12:56:44 - DEBUG - >>>>>>>>>>>>>>> starting role 
2021-12-08@12:56:44 - DEBUG - >>>>>>>>>>>>>>> starting str_clean 
2021-12-08@12:56:44 - DEBUG - >>>>>>>>>>>>>>> starting payment 
2021-12-08@12:56:44 - DEBUG - >>>>>>>>>>>>>>> starting str_clean 
2021-12-08@12:56:44 - DEBUG - >>>>>>>>>>>>>>> starting str_clean 
2021-12-08@12:56:44 - DEBUG - >>>>>>>>>>>>>>> starting identify 
2021-12-08@12:56:44 - DEBUG - >>>>>>>>>>>>>>> starting apply_dct 
2021-12-08@12:56:44 - DEBUG - >>>>>>>>>>>>>>> starting contact 
2021-12-08@12:56:44 - DEBUG - >>>>>>>>>>>>>>> starting str_clean 
2021-12-08@12:56:44 - DEBUG - >>>>>>>>>>>>>>> starting message 
2021-12-08@12:56:44 - DEBUG - >>>>>>>>>>>>>>> starting greeting 
2021-12-08@12:56:44 - DEBUG - >>>>>>>>>>>>>>> starting warmer 
2021-12-08@12:56:44 - DEBUG - >>>>>>>>>>>>>>> starting intro 
2021-12-08@12:56:44 - DEBUG - >>>>>>>>>>>>>>> starting body 
2021-12-08@12:56:44 - WARNING - TODO: add more bodies
2021-12-08@12:56:44 - DEBUG - >>>>>>>>>>>>>>> starting closer 
2021-12-08@12:56:44 - WARNING - TODO: add more closers
2021-12-08@12:56:44 - DEBUG - >>>>>>>>>>>>>>> starting footer 
2021-12-08@12:56:44 - DEBUG - >>>>>>>>>>>>>>>>>>>>>>>>>>>>>>>>>>>>>>>>>>>>> starting update 
2021-12-08@12:56:44 - DEBUG - >>>>>>>>>>>>>>> starting update_applied 
2021-12-08@12:56:44 - DEBUG - updated application data: {'employer': 'Personabo', 'description': 'VR simulations for soft skills, powered by AI', 'employees': '1-10', 'role': 'Lead Full-Stack Engineer', 'salary': '$130k – $150k', 'equity': '1.0% – 2.0%', 'time': '2021-12-08 12:56:44.198734', 'id': 'Personabo---Lead Full-Stack Engineer', 'contact': 'David', 'message': "Hey David, \n\nMy name is Julian Wagle. I'm a Sr. Software Engineer with 6 years of experience. I'm reaching out in response to the opening you posted for 'Lead Full-Stack Engineer' - It looks like I'd be a great fit! Plus, it seems like you guys have a pretty cool mission and I'd love to be a part of it.\n\nIf interested in learning more or reaching out, I've attatched a few helpful links and my contact information below. \n\nThank you for your time,\n\n- Julian Wagle\n\nEmail address - julian.wagle.leal@gmail.com\nPhone number - +1(707)346-1659\n\nPortfolio - https://julianwagle.com\nGitHub - https://github.com/julianwagle\nLinkedIn - https://www.linkedin.com/in/julian-wagle/"}
2021-12-08@12:56:44 - DEBUG - >>>>>>>>>>>>>>> starting update_datafile 
2021-12-08@12:56:44 - DEBUG - >>>>>>>>>>>>>>> starting json_dump 
2021-12-08@12:56:44 - DEBUG - updated /Users/home/@DEV/angel/data/applied-test.json
2021-12-08@12:56:44 - DEBUG - >>>>>>>>>>>>>>> starting update_numer 
2021-12-08@12:56:44 - WARNING - updated numer: 17/19
2021-12-08@12:56:44 - DEBUG - >>>>>>>>>>>>>>> starting co_dct 
2021-12-08@12:56:44 - DEBUG - >>>>>>>>>>>>>>> starting employer 
2021-12-08@12:56:44 - DEBUG - >>>>>>>>>>>>>>> starting str_clean 
2021-12-08@12:56:44 - DEBUG - >>>>>>>>>>>>>>> starting description 
2021-12-08@12:56:44 - DEBUG - >>>>>>>>>>>>>>> starting str_clean 
2021-12-08@12:56:44 - DEBUG - >>>>>>>>>>>>>>> starting employees 
2021-12-08@12:56:44 - DEBUG - >>>>>>>>>>>>>>> starting str_clean 
2021-12-08@12:56:44 - DEBUG - >>>>>>>>>>>>>>> starting co_get 
2021-12-08@12:56:44 - DEBUG - >>>>>>>>>>>>>>> starting jobs_get 
2021-12-08@12:56:44 - DEBUG - >>>>>>>>>>>>>>> starting jobs_get_class 
2021-12-08@12:56:44 - DEBUG - >>>>>>>>>>>>>>> starting bs_children 
2021-12-08@12:56:44 - DEBUG - >>>>>>>>>>>>>>> starting job_get_spans 
2021-12-08@12:56:44 - DEBUG - >>>>>>>>>>>>>>> starting job_dct 
2021-12-08@12:56:44 - DEBUG - >>>>>>>>>>>>>>> starting role 
2021-12-08@12:56:44 - DEBUG - >>>>>>>>>>>>>>> starting str_clean 
2021-12-08@12:56:44 - DEBUG - >>>>>>>>>>>>>>> starting payment 
2021-12-08@12:56:44 - DEBUG - >>>>>>>>>>>>>>> starting str_clean 
2021-12-08@12:56:44 - DEBUG - >>>>>>>>>>>>>>> starting str_clean 
2021-12-08@12:56:44 - DEBUG - >>>>>>>>>>>>>>> starting identify 
2021-12-08@12:56:44 - DEBUG - >>>>>>>>>>>>>>> starting apply_dct 
2021-12-08@12:56:44 - DEBUG - >>>>>>>>>>>>>>> starting contact 
2021-12-08@12:56:44 - DEBUG - >>>>>>>>>>>>>>> starting str_clean 
2021-12-08@12:56:44 - DEBUG - >>>>>>>>>>>>>>> starting message 
2021-12-08@12:56:44 - DEBUG - >>>>>>>>>>>>>>> starting greeting 
2021-12-08@12:56:44 - DEBUG - >>>>>>>>>>>>>>> starting warmer 
2021-12-08@12:56:44 - DEBUG - >>>>>>>>>>>>>>> starting intro 
2021-12-08@12:56:44 - DEBUG - >>>>>>>>>>>>>>> starting body 
2021-12-08@12:56:44 - WARNING - TODO: add more bodies
2021-12-08@12:56:44 - DEBUG - >>>>>>>>>>>>>>> starting closer 
2021-12-08@12:56:44 - WARNING - TODO: add more closers
2021-12-08@12:56:44 - DEBUG - >>>>>>>>>>>>>>> starting footer 
2021-12-08@12:56:44 - DEBUG - >>>>>>>>>>>>>>>>>>>>>>>>>>>>>>>>>>>>>>>>>>>>> starting update 
2021-12-08@12:56:44 - DEBUG - >>>>>>>>>>>>>>> starting update_applied 
2021-12-08@12:56:44 - DEBUG - updated application data: {'employer': 'Refinery', 'description': 'A people first agency', 'employees': '11-50', 'role': 'Full Stack Engineer, Shopify', 'salary': '$96k – $120k', 'equity': '0.0% – 5.0%', 'time': '2021-12-08 12:56:44.218581', 'id': 'Refinery---Full Stack Engineer, Shopify', 'contact': 'David', 'message': "Hello David, I hope this message finds you well. \n\nMy name is Julian Wagle. I'm a Sr. Software Engineer with 6 years of experience. I'm reaching out in response to the opening you posted for 'Full Stack Engineer, Shopify' - It looks like I'd be a great fit! Plus, it seems like you guys have a pretty cool mission and I'd love to be a part of it.\n\nIf interested in learning more or reaching out, I've attatched a few helpful links and my contact information below. \n\nThank you for your time,\n\n- Julian Wagle\n\nEmail address - julian.wagle.leal@gmail.com\nPhone number - +1(707)346-1659\n\nPortfolio - https://julianwagle.com\nGitHub - https://github.com/julianwagle\nLinkedIn - https://www.linkedin.com/in/julian-wagle/"}
2021-12-08@12:56:44 - DEBUG - >>>>>>>>>>>>>>> starting update_datafile 
2021-12-08@12:56:44 - DEBUG - >>>>>>>>>>>>>>> starting json_dump 
2021-12-08@12:56:44 - DEBUG - updated /Users/home/@DEV/angel/data/applied-test.json
2021-12-08@12:56:44 - DEBUG - >>>>>>>>>>>>>>> starting update_numer 
2021-12-08@12:56:44 - WARNING - updated numer: 18/19
2021-12-08@12:56:44 - DEBUG - >>>>>>>>>>>>>>> starting co_dct 
2021-12-08@12:56:44 - DEBUG - >>>>>>>>>>>>>>> starting employer 
2021-12-08@12:56:44 - DEBUG - >>>>>>>>>>>>>>> starting str_clean 
2021-12-08@12:56:44 - DEBUG - >>>>>>>>>>>>>>> starting description 
2021-12-08@12:56:44 - DEBUG - >>>>>>>>>>>>>>> starting str_clean 
2021-12-08@12:56:44 - DEBUG - >>>>>>>>>>>>>>> starting employees 
2021-12-08@12:56:44 - DEBUG - >>>>>>>>>>>>>>> starting str_clean 
2021-12-08@12:56:44 - DEBUG - >>>>>>>>>>>>>>> starting co_get 
2021-12-08@12:56:44 - DEBUG - >>>>>>>>>>>>>>> starting jobs_get 
2021-12-08@12:56:44 - DEBUG - >>>>>>>>>>>>>>> starting jobs_get_class 
2021-12-08@12:56:44 - DEBUG - >>>>>>>>>>>>>>> starting bs_children 
2021-12-08@12:56:44 - DEBUG - >>>>>>>>>>>>>>> starting job_get_spans 
2021-12-08@12:56:44 - DEBUG - >>>>>>>>>>>>>>> starting job_dct 
2021-12-08@12:56:44 - DEBUG - >>>>>>>>>>>>>>> starting role 
2021-12-08@12:56:44 - DEBUG - >>>>>>>>>>>>>>> starting str_clean 
2021-12-08@12:56:44 - DEBUG - >>>>>>>>>>>>>>> starting payment 
2021-12-08@12:56:44 - DEBUG - >>>>>>>>>>>>>>> starting str_clean 
2021-12-08@12:56:44 - DEBUG - >>>>>>>>>>>>>>> starting str_clean 
2021-12-08@12:56:44 - DEBUG - >>>>>>>>>>>>>>> starting identify 
2021-12-08@12:56:44 - DEBUG - >>>>>>>>>>>>>>> starting apply_dct 
2021-12-08@12:56:44 - DEBUG - >>>>>>>>>>>>>>> starting contact 
2021-12-08@12:56:44 - DEBUG - >>>>>>>>>>>>>>> starting str_clean 
2021-12-08@12:56:44 - DEBUG - >>>>>>>>>>>>>>> starting message 
2021-12-08@12:56:44 - DEBUG - >>>>>>>>>>>>>>> starting greeting 
2021-12-08@12:56:44 - DEBUG - >>>>>>>>>>>>>>> starting warmer 
2021-12-08@12:56:44 - DEBUG - >>>>>>>>>>>>>>> starting intro 
2021-12-08@12:56:44 - DEBUG - >>>>>>>>>>>>>>> starting body 
2021-12-08@12:56:44 - WARNING - TODO: add more bodies
2021-12-08@12:56:44 - DEBUG - >>>>>>>>>>>>>>> starting closer 
2021-12-08@12:56:44 - WARNING - TODO: add more closers
2021-12-08@12:56:44 - DEBUG - >>>>>>>>>>>>>>> starting footer 
2021-12-08@12:56:44 - DEBUG - >>>>>>>>>>>>>>>>>>>>>>>>>>>>>>>>>>>>>>>>>>>>> starting update 
2021-12-08@12:56:44 - DEBUG - >>>>>>>>>>>>>>> starting update_applied 
2021-12-08@12:56:44 - DEBUG - updated application data: {'employer': 'Userfront', 'description': 'Auth without complexity', 'employees': '1-10', 'role': 'Senior software engineer', 'salary': '$100k – $180k', 'equity': '0.5% – 3.0%', 'time': '2021-12-08 12:56:44.239583', 'id': 'Userfront---Senior software engineer', 'contact': 'David', 'message': "Hello David, I hope you're having a great day. \n\nMy name is Julian Wagle. I'm a Sr. Software Engineer with 6 years of experience. I'm reaching out in response to the opening you posted for 'Senior software engineer' - It looks like I'd be a great fit! Plus, it seems like you guys have a pretty cool mission and I'd love to be a part of it.\n\nIf interested in learning more or reaching out, I've attatched a few helpful links and my contact information below. \n\nThank you for your time,\n\n- Julian Wagle\n\nEmail address - julian.wagle.leal@gmail.com\nPhone number - +1(707)346-1659\n\nPortfolio - https://julianwagle.com\nGitHub - https://github.com/julianwagle\nLinkedIn - https://www.linkedin.com/in/julian-wagle/"}
2021-12-08@12:56:44 - DEBUG - >>>>>>>>>>>>>>> starting update_datafile 
2021-12-08@12:56:44 - DEBUG - >>>>>>>>>>>>>>> starting json_dump 
2021-12-08@12:56:44 - DEBUG - updated /Users/home/@DEV/angel/data/applied-test.json
2021-12-08@12:56:44 - DEBUG - >>>>>>>>>>>>>>> starting update_numer 
2021-12-08@12:56:44 - WARNING - updated numer: 19/19
2021-12-08@12:56:44 - DEBUG - >>>>>>>>>>>>>>>>>>>>>>>>>>>>>>>>>>>>>>>>>>>>> starting end 
